c:\users\carson\desktop\raytrix_api_tests\example.lfr.basicb\x64\debug\vc140.pdb
c:\users\carson\desktop\raytrix_api_tests\example.lfr.basicb\x64\debug\vc140.idb
c:\users\carson\desktop\raytrix_api_tests\example.lfr.basicb\x64\debug\basicb.obj
c:\users\carson\desktop\raytrix_api_tests\functions_test\raytrix_api\example.lfr.basicb\x64\debug\vc140.pdb
c:\users\carson\desktop\raytrix_api_tests\functions_test\raytrix_api\example.lfr.basicb\x64\debug\vc140.idb
c:\users\cvogt\desktop\functions_test\raytrix_api\fix_raw\x64\debug\vc140.pdb
c:\users\cvogt\desktop\functions_test\raytrix_api\fix_raw\x64\debug\vc140.idb
c:\users\carson\desktop\raytrix_api_tests\example.lfr.basicb\x64\debug\example.lfr.basicb.4.0.ilk
c:\users\carson\desktop\raytrix_api_tests\example.lfr.basicb\x64\debug\example.lfr.basicb.4.0.exe
c:\users\carson\desktop\raytrix_api_tests\example.lfr.basicb\x64\debug\example.lfr.basicb.4.0.pdb
c:\users\carson\desktop\raytrix_api_tests\functions_test\raytrix_api\example.lfr.basicb\x64\debug\example.lfr.basicb.4.0.ilk
c:\users\carson\desktop\raytrix_api_tests\functions_test\raytrix_api\example.lfr.basicb\x64\debug\example.lfr.basicb.4.0.exe
c:\users\carson\desktop\raytrix_api_tests\functions_test\raytrix_api\example.lfr.basicb\x64\debug\example.lfr.basicb.4.0.pdb
c:\users\cvogt\desktop\functions_test\raytrix_api\fix_raw\x64\debug\example.lfr.basicb.4.0.ilk
c:\users\cvogt\desktop\functions_test\raytrix_api\fix_raw\x64\debug\vc141.idb
c:\users\cvogt\desktop\functions_test\raytrix_api\fix_raw\x64\debug\example.lfr.basicb.4.0.pdb
c:\users\cvogt\desktop\functions_test\raytrix_api\fix_raw\x64\debug\vc141.pdb
c:\users\cvogt\desktop\functions_test\raytrix_api\fix_raw\x64\debug\example.lfr.basicb.4.0.exe
c:\users\cvogt\desktop\functions_test\raytrix_api\fix_raw\x64\debug\example..79baa6ef.tlog\cl.command.1.tlog
c:\users\cvogt\desktop\functions_test\raytrix_api\fix_raw\x64\debug\example..79baa6ef.tlog\cl.read.1.tlog
c:\users\cvogt\desktop\functions_test\raytrix_api\fix_raw\x64\debug\example..79baa6ef.tlog\cl.write.1.tlog
c:\users\cvogt\desktop\functions_test\raytrix_api\fix_raw\x64\debug\example..79baa6ef.tlog\link.command.1.tlog
c:\users\cvogt\desktop\functions_test\raytrix_api\fix_raw\x64\debug\example..79baa6ef.tlog\link.read.1.tlog
c:\users\cvogt\desktop\functions_test\raytrix_api\fix_raw\x64\debug\example..79baa6ef.tlog\link.write.1.tlog
